<?xml version="1.0" encoding="UTF-8"?>
<!-- Generated by org.testng.reporters.JUnitReportReporter -->
<testsuite skipped="0" hostname="JINWX-PC" name="com.test.suit.discover.InfoSummary" tests="1" failures="0" timestamp="01 六月 2018 10:05:03 GMT" time="5.369" errors="0">
  <testcase name="meterCount" time="5.369" classname="com.test.suit.discover.InfoSummary"/>
</testsuite> <!-- com.test.suit.discover.InfoSummary -->
