<?xml version="1.0" encoding="UTF-8"?>
<!-- Generated by org.testng.reporters.JUnitReportReporter -->
<testsuite skipped="7" hostname="JINWX-PC" name="com.test.suit.discover.InfoSummaryTests" tests="8" failures="0" timestamp="11 六月 2018 11:03:33 GMT" time="2.668" errors="0">
  <testcase name="dmaAllHPCheck" time="2.668" classname="com.test.suit.discover.InfoSummaryTests"/>
  <testcase name="rbmeterCount" classname="com.test.suit.discover.InfoSummaryTests">
    <skipped/>
  </testcase> <!-- rbmeterCount -->
  <testcase name="dmaAllHeaders" classname="com.test.suit.discover.InfoSummaryTests">
    <skipped/>
  </testcase> <!-- dmaAllHeaders -->
  <testcase name="noareaCount" classname="com.test.suit.discover.InfoSummaryTests">
    <skipped/>
  </testcase> <!-- noareaCount -->
  <testcase name="rmmeterCount" classname="com.test.suit.discover.InfoSummaryTests">
    <skipped/>
  </testcase> <!-- rmmeterCount -->
  <testcase name="rbalarm_Count" classname="com.test.suit.discover.InfoSummaryTests">
    <skipped/>
  </testcase> <!-- rbalarm_Count -->
  <testcase name="rmalarm_Count" classname="com.test.suit.discover.InfoSummaryTests">
    <skipped/>
  </testcase> <!-- rmalarm_Count -->
  <testcase name="dmaAllHP_SITE_Check" classname="com.test.suit.discover.InfoSummaryTests">
    <skipped/>
  </testcase> <!-- dmaAllHP_SITE_Check -->
</testsuite> <!-- com.test.suit.discover.InfoSummaryTests -->
