<?xml version="1.0" encoding="UTF-8"?>
<!-- Generated by org.testng.reporters.JUnitReportReporter -->
<testsuite skipped="6" hostname="JINWX-PC" name="com.test.suit.discover.InfoSummaryTests" tests="8" failures="0" timestamp="06 六月 2018 11:44:19 GMT" time="0.008" errors="0">
  <testcase name="dmaAllHPCheck" time="0.006" classname="com.test.suit.discover.InfoSummaryTests"/>
  <testcase name="dmaAllHeaders" time="0.002" classname="com.test.suit.discover.InfoSummaryTests"/>
  <testcase name="rbmeterCount" classname="com.test.suit.discover.InfoSummaryTests">
    <skipped/>
  </testcase> <!-- rbmeterCount -->
  <testcase name="noareaCount" classname="com.test.suit.discover.InfoSummaryTests">
    <skipped/>
  </testcase> <!-- noareaCount -->
  <testcase name="rmmeterCount" classname="com.test.suit.discover.InfoSummaryTests">
    <skipped/>
  </testcase> <!-- rmmeterCount -->
  <testcase name="rbalarm_Count" classname="com.test.suit.discover.InfoSummaryTests">
    <skipped/>
  </testcase> <!-- rbalarm_Count -->
  <testcase name="rmalarm_Count" classname="com.test.suit.discover.InfoSummaryTests">
    <skipped/>
  </testcase> <!-- rmalarm_Count -->
  <testcase name="dmaAllHP_SITE_Check" classname="com.test.suit.discover.InfoSummaryTests">
    <skipped/>
  </testcase> <!-- dmaAllHP_SITE_Check -->
</testsuite> <!-- com.test.suit.discover.InfoSummaryTests -->
