<?xml version="1.0" encoding="UTF-8"?>
<!-- Generated by org.testng.reporters.JUnitReportReporter -->
<testsuite skipped="0" hostname="JINWX-PC" name="com.test.suit.discover.DeviceList_RmeterTests" tests="2" failures="0" timestamp="07 六月 2018 11:50:22 GMT" time="0.007" errors="0">
  <testcase name="emList" time="0.005" classname="com.test.suit.discover.DeviceList_RmeterTests"/>
  <testcase name="rmList" time="0.002" classname="com.test.suit.discover.DeviceList_RmeterTests"/>
</testsuite> <!-- com.test.suit.discover.DeviceList_RmeterTests -->
